  TileMgr.cpp
C:\DXlib\DxLib.h(3344,1): warning C4819: ファイルは、現在のコード ページ (932) で表示できない文字を含んでいます。データの損失を防ぐために、ファイルを Unicode 形式で保存してください。
C:\VStudio-GameProgramming\DXlib-learning2\DXlib-learning2\TileMgr.cpp(208,31): warning C4267: '=': 'size_t' から 'int' に変換しました。データが失われているかもしれません。
C:\VStudio-GameProgramming\DXlib-learning2\DXlib-learning2\TileMgr.cpp(338,77): warning C4244: '引数': 'int' から 'float' への変換です。データが失われる可能性があります。
C:\VStudio-GameProgramming\DXlib-learning2\DXlib-learning2\TileMgr.cpp(338,72): warning C4244: '引数': 'int' から 'float' への変換です。データが失われる可能性があります。
C:\VStudio-GameProgramming\DXlib-learning2\DXlib-learning2\TileMgr.cpp(338,63): warning C4244: '引数': 'int' から 'float' への変換です。データが失われる可能性があります。
C:\VStudio-GameProgramming\DXlib-learning2\DXlib-learning2\TileMgr.cpp(338,52): warning C4244: '引数': 'int' から 'float' への変換です。データが失われる可能性があります。
C:\VStudio-GameProgramming\DXlib-learning2\DXlib-learning2\TileMgr.cpp(338,41): warning C4244: '引数': 'int' から 'float' への変換です。データが失われる可能性があります。
C:\VStudio-GameProgramming\DXlib-learning2\DXlib-learning2\TileMgr.cpp(341,16): warning C4244: '=': 'int' から 'float' への変換です。データが失われる可能性があります。
C:\VStudio-GameProgramming\DXlib-learning2\DXlib-learning2\TileMgr.cpp(354,70): warning C4244: '引数': 'int' から 'float' への変換です。データが失われる可能性があります。
C:\VStudio-GameProgramming\DXlib-learning2\DXlib-learning2\TileMgr.cpp(354,64): warning C4244: '引数': 'int' から 'float' への変換です。データが失われる可能性があります。
C:\VStudio-GameProgramming\DXlib-learning2\DXlib-learning2\TileMgr.cpp(354,52): warning C4244: '引数': 'int' から 'float' への変換です。データが失われる可能性があります。
C:\VStudio-GameProgramming\DXlib-learning2\DXlib-learning2\TileMgr.cpp(354,41): warning C4244: '引数': 'int' から 'float' への変換です。データが失われる可能性があります。
C:\VStudio-GameProgramming\DXlib-learning2\DXlib-learning2\TileMgr.cpp(357,18): warning C4244: '=': 'int' から 'float' への変換です。データが失われる可能性があります。
C:\VStudio-GameProgramming\DXlib-learning2\DXlib-learning2\TileMgr.cpp(370,72): warning C4244: '引数': 'int' から 'float' への変換です。データが失われる可能性があります。
C:\VStudio-GameProgramming\DXlib-learning2\DXlib-learning2\TileMgr.cpp(370,65): warning C4244: '引数': 'int' から 'float' への変換です。データが失われる可能性があります。
C:\VStudio-GameProgramming\DXlib-learning2\DXlib-learning2\TileMgr.cpp(370,52): warning C4244: '引数': 'int' から 'float' への変換です。データが失われる可能性があります。
C:\VStudio-GameProgramming\DXlib-learning2\DXlib-learning2\TileMgr.cpp(370,41): warning C4244: '引数': 'int' から 'float' への変換です。データが失われる可能性があります。
C:\VStudio-GameProgramming\DXlib-learning2\DXlib-learning2\TileMgr.cpp(373,18): warning C4244: '=': 'int' から 'float' への変換です。データが失われる可能性があります。
C:\VStudio-GameProgramming\DXlib-learning2\DXlib-learning2\TileMgr.cpp(386,80): warning C4244: '引数': 'int' から 'float' への変換です。データが失われる可能性があります。
C:\VStudio-GameProgramming\DXlib-learning2\DXlib-learning2\TileMgr.cpp(386,74): warning C4244: '引数': 'int' から 'float' への変換です。データが失われる可能性があります。
C:\VStudio-GameProgramming\DXlib-learning2\DXlib-learning2\TileMgr.cpp(386,66): warning C4244: '引数': 'int' から 'float' への変換です。データが失われる可能性があります。
C:\VStudio-GameProgramming\DXlib-learning2\DXlib-learning2\TileMgr.cpp(386,52): warning C4244: '引数': 'int' から 'float' への変換です。データが失われる可能性があります。
C:\VStudio-GameProgramming\DXlib-learning2\DXlib-learning2\TileMgr.cpp(386,41): warning C4244: '引数': 'int' から 'float' への変換です。データが失われる可能性があります。
C:\VStudio-GameProgramming\DXlib-learning2\DXlib-learning2\TileMgr.cpp(389,16): warning C4244: '=': 'int' から 'float' への変換です。データが失われる可能性があります。
C:\VStudio-GameProgramming\DXlib-learning2\DXlib-learning2\TileMgr.cpp(490,60): warning C4244: '引数': 'float' から 'int' への変換です。データが失われる可能性があります。
C:\VStudio-GameProgramming\DXlib-learning2\DXlib-learning2\TileMgr.cpp(490,49): warning C4244: '引数': 'float' から 'int' への変換です。データが失われる可能性があります。
C:\VStudio-GameProgramming\DXlib-learning2\DXlib-learning2\TileMgr.cpp(510,17): warning C4244: '=': 'int' から 'float' への変換です。データが失われる可能性があります。
C:\VStudio-GameProgramming\DXlib-learning2\DXlib-learning2\TileMgr.cpp(511,17): warning C4244: '=': 'int' から 'float' への変換です。データが失われる可能性があります。
C:\VStudio-GameProgramming\DXlib-learning2\DXlib-learning2\TileMgr.cpp(564,49): warning C4244: '引数': 'float' から 'int' への変換です。データが失われる可能性があります。
C:\VStudio-GameProgramming\DXlib-learning2\DXlib-learning2\TileMgr.cpp(564,38): warning C4244: '引数': 'float' から 'int' への変換です。データが失われる可能性があります。
C:\VStudio-GameProgramming\DXlib-learning2\DXlib-learning2\TileMgr.cpp(576,17): warning C4244: '=': 'int' から 'float' への変換です。データが失われる可能性があります。
C:\VStudio-GameProgramming\DXlib-learning2\DXlib-learning2\TileMgr.cpp(577,17): warning C4244: '=': 'int' から 'float' への変換です。データが失われる可能性があります。
C:\VStudio-GameProgramming\DXlib-learning2\DXlib-learning2\TileMgr.cpp(736,49): warning C4244: '引数': 'int' から 'float' への変換です。データが失われる可能性があります。
C:\VStudio-GameProgramming\DXlib-learning2\DXlib-learning2\TileMgr.cpp(736,45): warning C4244: '引数': 'int' から 'float' への変換です。データが失われる可能性があります。
C:\VStudio-GameProgramming\DXlib-learning2\DXlib-learning2\TileMgr.cpp(736,41): warning C4244: '引数': 'int' から 'float' への変換です。データが失われる可能性があります。
C:\VStudio-GameProgramming\DXlib-learning2\DXlib-learning2\TileMgr.cpp(736,37): warning C4244: '引数': 'int' から 'float' への変換です。データが失われる可能性があります。
C:\VStudio-GameProgramming\DXlib-learning2\DXlib-learning2\TileMgr.cpp(736,32): warning C4244: '引数': 'int' から 'float' への変換です。データが失われる可能性があります。
C:\VStudio-GameProgramming\DXlib-learning2\DXlib-learning2\TileMgr.cpp(736,26): warning C4244: '引数': 'int' から 'float' への変換です。データが失われる可能性があります。
C:\VStudio-GameProgramming\DXlib-learning2\DXlib-learning2\TileMgr.cpp(740,55): warning C4244: '引数': 'int' から 'float' への変換です。データが失われる可能性があります。
C:\VStudio-GameProgramming\DXlib-learning2\DXlib-learning2\TileMgr.cpp(740,51): warning C4244: '引数': 'int' から 'float' への変換です。データが失われる可能性があります。
C:\VStudio-GameProgramming\DXlib-learning2\DXlib-learning2\TileMgr.cpp(740,47): warning C4244: '引数': 'int' から 'float' への変換です。データが失われる可能性があります。
C:\VStudio-GameProgramming\DXlib-learning2\DXlib-learning2\TileMgr.cpp(740,43): warning C4244: '引数': 'int' から 'float' への変換です。データが失われる可能性があります。
C:\VStudio-GameProgramming\DXlib-learning2\DXlib-learning2\TileMgr.cpp(740,38): warning C4244: '引数': 'int' から 'float' への変換です。データが失われる可能性があります。
C:\VStudio-GameProgramming\DXlib-learning2\DXlib-learning2\TileMgr.cpp(740,32): warning C4244: '引数': 'int' から 'float' への変換です。データが失われる可能性があります。
C:\VStudio-GameProgramming\DXlib-learning2\DXlib-learning2\TileMgr.cpp(762,9): warning C4244: '初期化中': 'float' から 'int' への変換です。データが失われる可能性があります。
C:\VStudio-GameProgramming\DXlib-learning2\DXlib-learning2\TileMgr.cpp(763,9): warning C4244: '初期化中': 'float' から 'int' への変換です。データが失われる可能性があります。
C:\VStudio-GameProgramming\DXlib-learning2\DXlib-learning2\TileMgr.cpp(791,14): warning C4244: '=': 'float' から 'int' への変換です。データが失われる可能性があります。
C:\VStudio-GameProgramming\DXlib-learning2\DXlib-learning2\TileMgr.cpp(792,14): warning C4244: '=': 'float' から 'int' への変換です。データが失われる可能性があります。
C:\VStudio-GameProgramming\DXlib-learning2\DXlib-learning2\TileMgr.cpp(795,14): warning C4244: '=': 'int' から 'float' への変換です。データが失われる可能性があります。
C:\VStudio-GameProgramming\DXlib-learning2\DXlib-learning2\TileMgr.cpp(796,14): warning C4244: '=': 'int' から 'float' への変換です。データが失われる可能性があります。
C:\VStudio-GameProgramming\DXlib-learning2\DXlib-learning2\TileMgr.cpp(805,71): warning C4267: '=': 'size_t' から 'int' に変換しました。データが失われているかもしれません。
C:\VStudio-GameProgramming\DXlib-learning2\DXlib-learning2\TileMgr.cpp(856,15): warning C4244: 'return': 'float' から 'int' への変換です。データが失われる可能性があります。
C:\VStudio-GameProgramming\DXlib-learning2\DXlib-learning2\TileMgr.cpp(860,15): warning C4244: 'return': 'float' から 'int' への変換です。データが失われる可能性があります。
C:\VStudio-GameProgramming\DXlib-learning2\DXlib-learning2\TileMgr.cpp(919,26): warning C4244: '=': 'int' から 'float' への変換です。データが失われる可能性があります。
C:\VStudio-GameProgramming\DXlib-learning2\DXlib-learning2\TileMgr.cpp(924,22): warning C4244: '=': 'int' から 'float' への変換です。データが失われる可能性があります。
C:\VStudio-GameProgramming\DXlib-learning2\DXlib-learning2\TileMgr.cpp(925,26): warning C4244: '=': 'int' から 'float' への変換です。データが失われる可能性があります。
C:\VStudio-GameProgramming\DXlib-learning2\DXlib-learning2\TileMgr.cpp(938,26): warning C4244: '=': 'int' から 'float' への変換です。データが失われる可能性があります。
C:\VStudio-GameProgramming\DXlib-learning2\DXlib-learning2\TileMgr.cpp(943,22): warning C4244: '=': 'int' から 'float' への変換です。データが失われる可能性があります。
C:\VStudio-GameProgramming\DXlib-learning2\DXlib-learning2\TileMgr.cpp(944,26): warning C4244: '=': 'int' から 'float' への変換です。データが失われる可能性があります。
  DXlib-learning2.vcxproj -> C:\VStudio-GameProgramming\DXlib-learning2\x64\Debug\DXlib-learning2.exe
